slurm submission log: 2025-04-17 22:55:44.932461
created following sbatch script: 

###############################

#!/bin/bash

#SBATCH --account=nlp
#SBATCH --cpus-per-task=16
#SBATCH --gres=gpu:1
#SBATCH --job-name=askhan1-job-22545
#SBATCH --mem=100G
#SBATCH --nodelist=jagupard38
#SBATCH --open-mode=append
#SBATCH --output=askhan1-job-22545.out
#SBATCH --partition=jag-hi
#SBATCH --time=14-0

# activate your desired anaconda environment


# cd to working directory
cd .

# launch commands
srun --unbuffered run_as_child_processes './run.sh'

###############################

submission to slurm complete!


###############################
slurm submission output

Submitted batch job 10222378



###############################

